<?xml version="1.0" encoding="UTF-8"?>
<!-- Generated by org.testng.reporters.JUnitReportReporter -->
<testsuite hostname="DESKTOP-60D7EML" failures="0" tests="1" name="ExtentConfiguration.LearningExtentReports.ExtentReportDemo" time="11.016" errors="0" timestamp="2022-07-11T00:25:59 IST" skipped="0">
  <testcase classname="ExtentConfiguration.LearningExtentReports.ExtentReportDemo" name="initialDemo" time="11.016"/>
  <system-out/>
</testsuite> <!-- ExtentConfiguration.LearningExtentReports.ExtentReportDemo -->
